2018-11-15 10:45:28,196 ghSalaryCalc start

2018-11-15 10:46:02,630 select E:/code/app/salary_calc/source/ÒÒ.xls 

2018-11-15 10:46:05,083 select E:/code/app/salary_calc/source/¼×.xls 

2018-11-15 10:46:07,536 select E:/code/app/salary_calc/source/±û.xls 

2018-11-15 10:47:45,842 ghSalaryCalc end

2018-11-15 10:47:45,844 Calling CoUnititialize()
2018-11-15 10:47:45,844 CoUnititialize() done.
2018-11-15 11:10:17,915 ghSalaryCalc start

2018-11-15 11:10:53,655 ghSalaryCalc end

2018-11-15 11:10:53,658 Calling CoUnititialize()
2018-11-15 11:10:53,658 CoUnititialize() done.
2018-11-15 11:11:40,062 ghSalaryCalc start

2018-11-15 11:12:32,410 ghSalaryCalc start

2018-11-15 11:13:01,165 ghSalaryCalc end

2018-11-15 11:13:01,167 Calling CoUnititialize()
2018-11-15 11:13:01,167 CoUnititialize() done.
2018-11-15 11:13:09,576 ghSalaryCalc start

2018-11-15 11:13:24,376 ghSalaryCalc end

2018-11-15 11:13:24,377 Calling CoUnititialize()
2018-11-15 11:13:24,377 CoUnititialize() done.
2018-11-15 11:13:40,393 ghSalaryCalc start

2018-11-15 11:13:49,152 ghSalaryCalc end

2018-11-15 11:13:49,152 Calling CoUnititialize()
2018-11-15 11:13:49,153 CoUnititialize() done.
2018-11-15 11:15:02,438 ghSalaryCalc start

2018-11-15 11:15:32,310 ghSalaryCalc end

2018-11-15 11:15:32,311 Calling CoUnititialize()
2018-11-15 11:15:32,312 CoUnititialize() done.
2018-11-15 11:15:37,014 ghSalaryCalc start

2018-11-15 11:16:00,588 ghSalaryCalc end

2018-11-15 11:16:00,589 Calling CoUnititialize()
2018-11-15 11:16:00,589 CoUnititialize() done.
2018-11-15 11:16:09,093 ghSalaryCalc start

2018-11-15 11:16:13,929 select E:/code/app/salary_calc/source/ÒÒ.xls 

2018-11-15 11:16:16,447 select E:/code/app/salary_calc/source/¼×.xls 

2018-11-15 11:16:19,049 select E:/code/app/salary_calc/source/±û.xls 

2018-11-15 11:17:11,119 select E:/code/app/salary_calc/source/ÒÒ.xls 

2018-11-15 11:36:41,019 ghSalaryCalc start

2018-11-15 11:36:49,878 select E:/code/app/salary_calc/source/ÒÒ.xls 

2018-11-15 11:36:52,532 select E:/code/app/salary_calc/source/¼×.xls 

2018-11-15 11:36:55,154 select E:/code/app/salary_calc/source/±û.xls 

2018-11-15 11:37:50,991 ghSalaryCalc end

2018-11-15 11:37:50,993 Calling CoUnititialize()
2018-11-15 11:37:50,994 CoUnititialize() done.
